<?xml version="1.0" encoding="UTF-8"?>
<robot generator="Robot 4.1.3 (Python 3.10.0 on win32)" generated="20220124 12:47:51.586" rpa="false" schemaversion="2">
<suite id="s1" name="SeleniumSpeed" source="D:\Project for my practice\TestProject\TestCases\SeleniumSpeed.robot">
<test id="s1-t1" name="DropDown Testing">
<kw name="Open Browser" library="SeleniumLibrary">
<arg>${url}</arg>
<arg>${browser}</arg>
<doc>Opens a new browser instance to the optional ``url``.</doc>
<msg timestamp="20220124 12:47:51.778" level="INFO">Opening browser 'chrome' to base url 'https://computer-database.gatling.io/computers/new'.</msg>
<status status="PASS" starttime="20220124 12:47:51.778" endtime="20220124 12:47:57.411"/>
</kw>
<kw name="Maximize Browser Window" library="SeleniumLibrary">
<doc>Maximizes current browser window.</doc>
<status status="PASS" starttime="20220124 12:47:57.411" endtime="20220124 12:47:57.546"/>
</kw>
<kw name="Set Selenium Speed" library="SeleniumLibrary">
<arg>3 seconds</arg>
<doc>Sets the delay that is waited after each Selenium command.</doc>
<status status="PASS" starttime="20220124 12:47:57.546" endtime="20220124 12:47:57.546"/>
</kw>
<kw name="Input Text" library="SeleniumLibrary">
<arg>xpath://input[@id='name']</arg>
<arg>Unaco</arg>
<doc>Types the given ``text`` into the text field identified by ``locator``.</doc>
<msg timestamp="20220124 12:47:57.546" level="INFO">Typing text 'Unaco' into text field 'xpath://input[@id='name']'.</msg>
<status status="PASS" starttime="20220124 12:47:57.546" endtime="20220124 12:48:06.686"/>
</kw>
<kw name="Input Text" library="SeleniumLibrary">
<arg>id:introduced</arg>
<arg>2022-01-01</arg>
<doc>Types the given ``text`` into the text field identified by ``locator``.</doc>
<msg timestamp="20220124 12:48:06.686" level="INFO">Typing text '2022-01-01' into text field 'id:introduced'.</msg>
<status status="PASS" starttime="20220124 12:48:06.686" endtime="20220124 12:48:15.822"/>
</kw>
<kw name="Click Element" library="SeleniumLibrary">
<arg>//select[@id='company']</arg>
<doc>Click the element identified by ``locator``.</doc>
<msg timestamp="20220124 12:48:15.822" level="INFO">Clicking element '//select[@id='company']'.</msg>
<status status="PASS" starttime="20220124 12:48:15.822" endtime="20220124 12:48:21.928"/>
</kw>
<kw name="Press Keys" library="SeleniumLibrary">
<arg>${none}</arg>
<arg>ARROW_DOWN</arg>
<doc>Simulates the user pressing key(s) to an element or on the active browser.</doc>
<msg timestamp="20220124 12:48:21.928" level="INFO">Sending key(s) ('ARROW_DOWN',) to page.</msg>
<msg timestamp="20220124 12:48:21.928" level="INFO">Pressing special key ARROW_DOWN to browser.</msg>
<msg timestamp="20220124 12:48:21.928" level="INFO">Releasing special key ARROW_DOWN.</msg>
<status status="PASS" starttime="20220124 12:48:21.928" endtime="20220124 12:48:24.952"/>
</kw>
<kw name="Press Keys" library="SeleniumLibrary">
<arg>${none}</arg>
<arg>ARROW_DOWN</arg>
<doc>Simulates the user pressing key(s) to an element or on the active browser.</doc>
<msg timestamp="20220124 12:48:24.952" level="INFO">Sending key(s) ('ARROW_DOWN',) to page.</msg>
<msg timestamp="20220124 12:48:24.952" level="INFO">Pressing special key ARROW_DOWN to browser.</msg>
<msg timestamp="20220124 12:48:24.952" level="INFO">Releasing special key ARROW_DOWN.</msg>
<status status="PASS" starttime="20220124 12:48:24.952" endtime="20220124 12:48:27.968"/>
</kw>
<kw name="Press Keys" library="SeleniumLibrary">
<arg>${none}</arg>
<arg>ARROW_DOWN</arg>
<doc>Simulates the user pressing key(s) to an element or on the active browser.</doc>
<msg timestamp="20220124 12:48:27.969" level="INFO">Sending key(s) ('ARROW_DOWN',) to page.</msg>
<msg timestamp="20220124 12:48:27.969" level="INFO">Pressing special key ARROW_DOWN to browser.</msg>
<msg timestamp="20220124 12:48:27.969" level="INFO">Releasing special key ARROW_DOWN.</msg>
<status status="PASS" starttime="20220124 12:48:27.969" endtime="20220124 12:48:30.994"/>
</kw>
<kw name="Press Keys" library="SeleniumLibrary">
<arg>//select[@id='company']</arg>
<arg>ARROW_DOWN</arg>
<doc>Simulates the user pressing key(s) to an element or on the active browser.</doc>
<msg timestamp="20220124 12:48:30.994" level="INFO">Sending key(s) ('ARROW_DOWN',) to //select[@id='company'] element.</msg>
<msg timestamp="20220124 12:48:37.356" level="INFO">Pressing special key ARROW_DOWN to element.</msg>
<msg timestamp="20220124 12:48:37.356" level="INFO">Releasing special key ARROW_DOWN.</msg>
<status status="PASS" starttime="20220124 12:48:30.994" endtime="20220124 12:48:40.369"/>
</kw>
<kw name="Click Element" library="SeleniumLibrary">
<arg>xpath://input[@type='submit']</arg>
<doc>Click the element identified by ``locator``.</doc>
<msg timestamp="20220124 12:48:40.369" level="INFO">Clicking element 'xpath://input[@type='submit']'.</msg>
<status status="PASS" starttime="20220124 12:48:40.369" endtime="20220124 12:48:54.380"/>
</kw>
<kw name="Element Text Should Be" library="SeleniumLibrary">
<arg>xpath://strong[contains(text(),'Done !')]</arg>
<arg>Done !</arg>
<doc>Verifies that element ``locator`` contains exact the text ``expected``.</doc>
<msg timestamp="20220124 12:48:54.382" level="INFO">Verifying element 'xpath://strong[contains(text(),'Done !')]' contains exact text 'Done !'.</msg>
<status status="PASS" starttime="20220124 12:48:54.382" endtime="20220124 12:49:00.442"/>
</kw>
<kw name="Close Browser" library="SeleniumLibrary">
<doc>Closes the current browser.</doc>
<status status="PASS" starttime="20220124 12:49:00.442" endtime="20220124 12:49:05.546"/>
</kw>
<status status="PASS" starttime="20220124 12:47:51.778" endtime="20220124 12:49:05.546"/>
</test>
<status status="PASS" starttime="20220124 12:47:51.591" endtime="20220124 12:49:05.546"/>
</suite>
<statistics>
<total>
<stat pass="1" fail="0" skip="0">All Tests</stat>
</total>
<tag>
</tag>
<suite>
<stat pass="1" fail="0" skip="0" id="s1" name="SeleniumSpeed">SeleniumSpeed</stat>
</suite>
</statistics>
<errors>
</errors>
</robot>
