<?xml version="1.0" encoding="UTF-8"?>
<robot generator="Robot 4.1.3 (Python 3.10.0 on win32)" generated="20220126 10:21:18.912" rpa="false" schemaversion="2">
<suite id="s1" name="AlertsTestCase" source="D:\Project for my practice\TestProject\TestCases\AlertsTestCase.robot">
<test id="s1-t1" name="Alert Handling - Ok">
<kw name="Open Browser" library="SeleniumLibrary">
<arg>${url}</arg>
<arg>chrome</arg>
<doc>Opens a new browser instance to the optional ``url``.</doc>
<msg timestamp="20220126 10:21:19.153" level="INFO">Opening browser 'chrome' to base url 'http://testautomationpractice.blogspot.com/'.</msg>
<status status="PASS" starttime="20220126 10:21:19.137" endtime="20220126 10:21:27.853"/>
</kw>
<kw name="Maximize Browser Window" library="SeleniumLibrary">
<doc>Maximizes current browser window.</doc>
<status status="PASS" starttime="20220126 10:21:27.854" endtime="20220126 10:21:27.977"/>
</kw>
<kw name="Set Selenium Speed" library="SeleniumLibrary">
<arg>2 seconds</arg>
<doc>Sets the delay that is waited after each Selenium command.</doc>
<status status="PASS" starttime="20220126 10:21:27.977" endtime="20220126 10:21:27.977"/>
</kw>
<kw name="Click Element" library="SeleniumLibrary">
<arg>xpath://button[contains(text(),'Click Me')]</arg>
<doc>Click the element identified by ``locator``.</doc>
<msg timestamp="20220126 10:21:27.977" level="INFO">Clicking element 'xpath://button[contains(text(),'Click Me')]'.</msg>
<status status="PASS" starttime="20220126 10:21:27.977" endtime="20220126 10:21:32.050"/>
</kw>
<kw name="Handle Alert" library="SeleniumLibrary">
<arg>accept</arg>
<doc>Handles the current alert and returns its message.</doc>
<msg timestamp="20220126 10:21:32.052" level="INFO">HANDLE::&lt;class 'NoneType'&gt;::None</msg>
<status status="PASS" starttime="20220126 10:21:32.051" endtime="20220126 10:21:38.077"/>
</kw>
<kw name="Element Text Should Be" library="SeleniumLibrary">
<arg>id:demo</arg>
<arg>You pressed OK!</arg>
<doc>Verifies that element ``locator`` contains exact the text ``expected``.</doc>
<msg timestamp="20220126 10:21:38.077" level="INFO">Verifying element 'id:demo' contains exact text 'You pressed OK!'.</msg>
<status status="PASS" starttime="20220126 10:21:38.077" endtime="20220126 10:21:42.124"/>
</kw>
<status status="PASS" starttime="20220126 10:21:19.137" endtime="20220126 10:21:42.124"/>
</test>
<test id="s1-t2" name="Alert Handling - Cancel">
<kw name="Open Browser" library="SeleniumLibrary">
<arg>${url}</arg>
<arg>chrome</arg>
<doc>Opens a new browser instance to the optional ``url``.</doc>
<msg timestamp="20220126 10:21:42.124" level="INFO">Opening browser 'chrome' to base url 'http://testautomationpractice.blogspot.com/'.</msg>
<status status="PASS" starttime="20220126 10:21:42.124" endtime="20220126 10:21:55.251"/>
</kw>
<kw name="Maximize Browser Window" library="SeleniumLibrary">
<doc>Maximizes current browser window.</doc>
<status status="PASS" starttime="20220126 10:21:55.251" endtime="20220126 10:21:57.389"/>
</kw>
<kw name="Set Selenium Speed" library="SeleniumLibrary">
<arg>2 seconds</arg>
<doc>Sets the delay that is waited after each Selenium command.</doc>
<status status="PASS" starttime="20220126 10:21:57.389" endtime="20220126 10:21:57.389"/>
</kw>
<kw name="Click Element" library="SeleniumLibrary">
<arg>xpath://button[contains(text(),'Click Me')]</arg>
<doc>Click the element identified by ``locator``.</doc>
<msg timestamp="20220126 10:21:57.389" level="INFO">Clicking element 'xpath://button[contains(text(),'Click Me')]'.</msg>
<status status="PASS" starttime="20220126 10:21:57.389" endtime="20220126 10:22:01.464"/>
</kw>
<kw name="Handle Alert" library="SeleniumLibrary">
<arg>dismiss</arg>
<doc>Handles the current alert and returns its message.</doc>
<msg timestamp="20220126 10:22:01.466" level="INFO">HANDLE::&lt;class 'NoneType'&gt;::None</msg>
<status status="PASS" starttime="20220126 10:22:01.465" endtime="20220126 10:22:07.497"/>
</kw>
<kw name="Element Text Should Be" library="SeleniumLibrary">
<arg>id:demo</arg>
<arg>You pressed Cancel!</arg>
<doc>Verifies that element ``locator`` contains exact the text ``expected``.</doc>
<msg timestamp="20220126 10:22:07.498" level="INFO">Verifying element 'id:demo' contains exact text 'You pressed Cancel!'.</msg>
<status status="PASS" starttime="20220126 10:22:07.498" endtime="20220126 10:22:11.557"/>
</kw>
<kw name="Close All Browsers" library="SeleniumLibrary">
<doc>Closes all open browsers and resets the browser cache.</doc>
<status status="PASS" starttime="20220126 10:22:11.557" endtime="20220126 10:22:19.706"/>
</kw>
<status status="PASS" starttime="20220126 10:21:42.124" endtime="20220126 10:22:19.706"/>
</test>
<status status="PASS" starttime="20220126 10:21:18.923" endtime="20220126 10:22:19.706"/>
</suite>
<statistics>
<total>
<stat pass="2" fail="0" skip="0">All Tests</stat>
</total>
<tag>
</tag>
<suite>
<stat pass="2" fail="0" skip="0" id="s1" name="AlertsTestCase">AlertsTestCase</stat>
</suite>
</statistics>
<errors>
</errors>
</robot>
